<?xml version="1.0" encoding="UTF-8"?>
<!-- Generated by org.testng.reporters.JUnitReportReporter -->
<testsuite hostname="DESKTOP-G68PVA2" failures="0" tests="3" name="mock.Negativepriority" time="0.010" errors="0" timestamp="2024-01-30T20:44:55 GMT-08:00" skipped="0">
  <testcase classname="mock.Negativepriority" name="createuser" time="0.009"/>
  <system-out/>
  <testcase classname="mock.Negativepriority" name="login" time="0.001"/>
  <system-out/>
  <testcase classname="mock.Negativepriority" name="modifyuser" time="0.000"/>
  <system-out/>
</testsuite> <!-- mock.Negativepriority -->
