<?xml version="1.0" encoding="UTF-8"?>
<!-- Generated by org.testng.reporters.JUnitReportReporter -->
<testsuite hostname="DESKTOP-G68PVA2" failures="0" tests="3" name="mock.Noexecution" time="0.009" errors="0" timestamp="2023-06-15T23:39:50 GMT-07:00" skipped="1">
  <testcase classname="mock.Noexecution" name="createuser" time="0.007"/>
  <system-out/>
  <testcase classname="mock.Noexecution" name="modifyuser" time="0.002"/>
  <system-out/>
  <testcase classname="mock.Noexecution" name="deleteuser">
    <skipped/>
  </testcase> <!-- deleteuser -->
  <system-out/>
</testsuite> <!-- mock.Noexecution -->
