<?xml version="1.0" encoding="UTF-8"?>
<!-- Generated by org.testng.reporters.JUnitReportReporter -->
<testsuite hostname="DESKTOP-G68PVA2" failures="0" tests="2" name="group.test2" time="0.009" errors="0" timestamp="2024-01-31T00:08:01 GMT-08:00" skipped="0">
  <testcase classname="group.test2" name="test5" time="0.004"/>
  <system-out/>
  <testcase classname="group.test2" name="test6" time="0.005"/>
  <system-out/>
</testsuite> <!-- group.test2 -->
