<?xml version="1.0" encoding="UTF-8"?>
<!-- Generated by org.testng.reporters.JUnitReportReporter -->
<testsuite hostname="DESKTOP-G68PVA2" failures="0" tests="3" name="mock.Negativepriority" time="0.017" errors="0" timestamp="2023-06-15T23:19:38 GMT-07:00" skipped="0">
  <testcase classname="mock.Negativepriority" name="createuser" time="0.010"/>
  <system-out/>
  <testcase classname="mock.Negativepriority" name="login" time="0.004"/>
  <system-out/>
  <testcase classname="mock.Negativepriority" name="modifyuser" time="0.003"/>
  <system-out/>
</testsuite> <!-- mock.Negativepriority -->
