<?xml version="1.0" encoding="UTF-8"?>
<!-- Generated by org.testng.reporters.JUnitReportReporter -->
<testsuite hostname="DESKTOP-G68PVA2" failures="0" tests="4" name="mock.Executeatestcasemorethanonetime" time="0.020" errors="0" timestamp="2024-01-30T20:54:56 GMT-08:00" skipped="0">
  <testcase classname="mock.Executeatestcasemorethanonetime" name="deleteuser" time="0.001"/>
  <system-out/>
  <testcase classname="mock.Executeatestcasemorethanonetime" name="createuser" time="0.012"/>
  <system-out/>
  <testcase classname="mock.Executeatestcasemorethanonetime" name="createuser" time="0.003"/>
  <system-out/>
  <testcase classname="mock.Executeatestcasemorethanonetime" name="modifyuser" time="0.004"/>
  <system-out/>
</testsuite> <!-- mock.Executeatestcasemorethanonetime -->
