<?xml version="1.0" encoding="UTF-8"?>
<!-- Generated by org.testng.reporters.JUnitReportReporter -->
<testsuite hostname="DESKTOP-G68PVA2" failures="0" tests="2" name="group.test1" time="0.018" errors="0" timestamp="2024-01-31T07:52:07 GMT-08:00" skipped="0">
  <testcase classname="group.test1" name="task2" time="0.009"/>
  <system-out/>
  <testcase classname="group.test1" name="task1" time="0.009"/>
  <system-out/>
</testsuite> <!-- group.test1 -->
