<?xml version="1.0" encoding="UTF-8"?>
<!-- Generated by org.testng.reporters.JUnitReportReporter -->
<testsuite hostname="DESKTOP-G68PVA2" failures="0" tests="5" name="mock.Priority" time="0.021" errors="0" timestamp="2024-01-23T20:14:35 GMT-08:00" skipped="0">
  <testcase classname="mock.Priority" name="createuser" time="0.009"/>
  <system-out/>
  <testcase classname="mock.Priority" name="login" time="0.003"/>
  <system-out/>
  <testcase classname="mock.Priority" name="modifyuser" time="0.004"/>
  <system-out/>
  <testcase classname="mock.Priority" name="logout" time="0.003"/>
  <system-out/>
  <testcase classname="mock.Priority" name="deleteuser" time="0.002"/>
  <system-out/>
</testsuite> <!-- mock.Priority -->
