<?xml version="1.0" encoding="UTF-8"?>
<!-- Generated by org.testng.reporters.JUnitReportReporter -->
<testsuite hostname="DESKTOP-G68PVA2" failures="0" tests="2" name="mock.Softassertstrictlevelcomparision" time="0.016" errors="0" timestamp="2024-01-23T20:43:14 GMT-08:00" skipped="0">
  <testcase classname="mock.Softassertstrictlevelcomparision" name="comparision" time="0.014"/>
  <system-out/>
  <testcase classname="mock.Softassertstrictlevelcomparision" name="containscomparision" time="0.002"/>
  <system-out/>
</testsuite> <!-- mock.Softassertstrictlevelcomparision -->
