<?xml version="1.0" encoding="UTF-8"?>
<!-- Generated by org.testng.reporters.JUnitReportReporter -->
<testsuite hostname="DESKTOP-G68PVA2" failures="0" tests="3" name="mock.Create" time="0.013" errors="0" timestamp="2024-01-23T20:34:58 GMT-08:00" skipped="0">
  <testcase classname="mock.Create" name="modifyuser" time="0.001"/>
  <system-out/>
  <testcase classname="mock.Create" name="deleteuser" time="0.004"/>
  <system-out/>
  <testcase classname="mock.Create" name="createuser" time="0.008"/>
  <system-out/>
</testsuite> <!-- mock.Create -->
